<?xml version="1.0" encoding="UTF-8"?>
<!-- Generated by org.testng.reporters.JUnitReportReporter -->
<testsuite skipped="0" hostname="krish" name="p1.c2" tests="1" failures="0" timestamp="2023-12-18T11:15:40 IST" time="32.900" errors="0">
  <testcase name="t2" time="32.900" classname="p1.c2"/>
  <system-out/>
</testsuite> <!-- p1.c2 -->
