<?xml version="1.0" encoding="UTF-8"?>
<!-- Generated by org.testng.reporters.JUnitReportReporter -->
<testsuite skipped="0" hostname="krish" name="excell.f1" tests="1" failures="0" timestamp="2023-12-19T11:03:12 IST" time="0.775" errors="0">
  <testcase name="r" time="0.775" classname="excell.f1"/>
  <system-out/>
</testsuite> <!-- excell.f1 -->
