<?xml version="1.0" encoding="UTF-8"?>
<!-- Generated by org.testng.reporters.JUnitReportReporter -->
<testsuite skipped="0" hostname="krish" name="extenttrt.e11" tests="1" failures="0" timestamp="2023-12-22T10:40:41 IST" time="3.979" errors="0">
  <testcase name="extentReportsDemo" time="3.979" classname="extenttrt.e11"/>
  <system-out/>
</testsuite> <!-- extenttrt.e11 -->
